# JRE version: Java(TM) SE Runtime Environment (8.0_212-b10) (build 1.8.0_212-b10)
# Java VM: Java HotSpot(TM) 64-Bit Server VM (25.212-b10 mixed mode windows-amd64 compressed oops)
Heap:
 PSYoungGen      total 3532800K, used 1862144K [0x000000066b180000, 0x00000007c0000000, 0x00000007c0000000)
  eden space 1862144K, 100% used [0x000000066b180000,0x00000006dcc00000,0x00000006dcc00000)
  from space 1670656K, 0% used [0x000000075a080000,0x000000075a080000,0x00000007c0000000)
  to   space 1861632K, 0% used [0x00000006dcc00000,0x00000006dcc00000,0x000000074e600000)
 ParOldGen       total 11171328K, used 11167123K [0x00000003c1400000, 0x000000066b180000, 0x000000066b180000)
  object space 11171328K, 99% used [0x00000003c1400000,0x000000066ad64ee8,0x000000066b180000)
 Metaspace       used 47361K, capacity 48561K, committed 48640K, reserved 1091584K
  class space    used 6628K, capacity 6875K, committed 6912K, reserved 1048576K
GC Heap History (10 events):
Event: 195.706 GC heap after
Heap after GC invocations=70 (full 16):
 PSYoungGen      total 3532800K, used 1611569K [0x000000066b180000, 0x00000007c0000000, 0x00000007c0000000)
  eden space 1862144K, 86% used [0x000000066b180000,0x00000006cd74c698,0x00000006dcc00000)
  from space 1670656K, 0% used [0x000000075a080000,0x000000075a080000,0x00000007c0000000)
  to   space 1861632K, 0% used [0x00000006dcc00000,0x00000006dcc00000,0x000000074e600000)
 ParOldGen       total 11171328K, used 11167123K [0x00000003c1400000, 0x000000066b180000, 0x000000066b180000)
  object space 11171328K, 99% used [0x00000003c1400000,0x000000066ad64ee8,0x000000066b180000)
 Metaspace       used 47096K, capacity 48273K, committed 48384K, reserved 1091584K
  class space    used 6613K, capacity 6843K, committed 6912K, reserved 1048576K
}
Event: 195.707 GC heap before
{Heap before GC invocations=71 (full 17):
 PSYoungGen      total 3532800K, used 1621127K [0x000000066b180000, 0x00000007c0000000, 0x00000007c0000000)
  eden space 1862144K, 87% used [0x000000066b180000,0x00000006ce0a1cf8,0x00000006dcc00000)
  from space 1670656K, 0% used [0x000000075a080000,0x000000075a080000,0x00000007c0000000)
  to   space 1861632K, 0% used [0x00000006dcc00000,0x00000006dcc00000,0x000000074e600000)
 ParOldGen       total 11171328K, used 11167123K [0x00000003c1400000, 0x000000066b180000, 0x000000066b180000)
  object space 11171328K, 99% used [0x00000003c1400000,0x000000066ad64ee8,0x000000066b180000)
 Metaspace       used 47096K, capacity 48273K, committed 48384K, reserved 1091584K
  class space    used 6613K, capacity 6843K, committed 6912K, reserved 1048576K
Event: 197.843 GC heap after
Heap after GC invocations=71 (full 17):
 PSYoungGen      total 3532800K, used 1611700K [0x000000066b180000, 0x00000007c0000000, 0x00000007c0000000)
  eden space 1862144K, 86% used [0x000000066b180000,0x00000006cd76d370,0x00000006dcc00000)
  from space 1670656K, 0% used [0x000000075a080000,0x000000075a080000,0x00000007c0000000)
  to   space 1861632K, 0% used [0x00000006dcc00000,0x00000006dcc00000,0x000000074e600000)
 ParOldGen       total 11171328K, used 11167123K [0x00000003c1400000, 0x000000066b180000, 0x000000066b180000)
  object space 11171328K, 99% used [0x00000003c1400000,0x000000066ad64ee8,0x000000066b180000)
 Metaspace       used 47096K, capacity 48273K, committed 48384K, reserved 1091584K
  class space    used 6613K, capacity 6843K, committed 6912K, reserved 1048576K
}
Event: 198.143 GC heap before
{Heap before GC invocations=72 (full 18):
 PSYoungGen      total 3532800K, used 1862144K [0x000000066b180000, 0x00000007c0000000, 0x00000007c0000000)
  eden space 1862144K, 100% used [0x000000066b180000,0x00000006dcc00000,0x00000006dcc00000)
  from space 1670656K, 0% used [0x000000075a080000,0x000000075a080000,0x00000007c0000000)
  to   space 1861632K, 0% used [0x00000006dcc00000,0x00000006dcc00000,0x000000074e600000)
 ParOldGen       total 11171328K, used 11167123K [0x00000003c1400000, 0x000000066b180000, 0x000000066b180000)
  object space 11171328K, 99% used [0x00000003c1400000,0x000000066ad64ee8,0x000000066b180000)
 Metaspace       used 47107K, capacity 48273K, committed 48384K, reserved 1091584K
  class space    used 6614K, capacity 6843K, committed 6912K, reserved 1048576K
Event: 200.285 GC heap after
Heap after GC invocations=72 (full 18):
 PSYoungGen      total 3532800K, used 1654548K [0x000000066b180000, 0x00000007c0000000, 0x00000007c0000000)
  eden space 1862144K, 88% used [0x000000066b180000,0x00000006d01452f8,0x00000006dcc00000)
  from space 1670656K, 0% used [0x000000075a080000,0x000000075a080000,0x00000007c0000000)
  to   space 1861632K, 0% used [0x00000006dcc00000,0x00000006dcc00000,0x000000074e600000)
 ParOldGen       total 11171328K, used 11167123K [0x00000003c1400000, 0x000000066b180000, 0x000000066b180000)
  object space 11171328K, 99% used [0x00000003c1400000,0x000000066ad64ee8,0x000000066b180000)
 Metaspace       used 47107K, capacity 48273K, committed 48384K, reserved 1091584K
  class space    used 6614K, capacity 6843K, committed 6912K, reserved 1048576K
}
Event: 200.533 GC heap before
{Heap before GC invocations=73 (full 19):
 PSYoungGen      total 3532800K, used 1862144K [0x000000066b180000, 0x00000007c0000000, 0x00000007c0000000)
  eden space 1862144K, 100% used [0x000000066b180000,0x00000006dcc00000,0x00000006dcc00000)
  from space 1670656K, 0% used [0x000000075a080000,0x000000075a080000,0x00000007c0000000)
  to   space 1861632K, 0% used [0x00000006dcc00000,0x00000006dcc00000,0x000000074e600000)
 ParOldGen       total 11171328K, used 11167123K [0x00000003c1400000, 0x000000066b180000, 0x000000066b180000)
  object space 11171328K, 99% used [0x00000003c1400000,0x000000066ad64ee8,0x000000066b180000)
 Metaspace       used 47107K, capacity 48273K, committed 48384K, reserved 1091584K
  class space    used 6614K, capacity 6843K, committed 6912K, reserved 1048576K
Event: 202.699 GC heap after
Heap after GC invocations=73 (full 19):
 PSYoungGen      total 3532800K, used 1689571K [0x000000066b180000, 0x00000007c0000000, 0x00000007c0000000)
  eden space 1862144K, 90% used [0x000000066b180000,0x00000006d2378c10,0x00000006dcc00000)
  from space 1670656K, 0% used [0x000000075a080000,0x000000075a080000,0x00000007c0000000)
  to   space 1861632K, 0% used [0x00000006dcc00000,0x00000006dcc00000,0x000000074e600000)
 ParOldGen       total 11171328K, used 11167123K [0x00000003c1400000, 0x000000066b180000, 0x000000066b180000)
  object space 11171328K, 99% used [0x00000003c1400000,0x000000066ad64ee8,0x000000066b180000)
 Metaspace       used 47107K, capacity 48273K, committed 48384K, reserved 1091584K
  class space    used 6614K, capacity 6843K, committed 6912K, reserved 1048576K
}
Event: 202.700 GC heap before
{Heap before GC invocations=74 (full 20):
 PSYoungGen      total 3532800K, used 1699179K [0x000000066b180000, 0x00000007c0000000, 0x00000007c0000000)
  eden space 1862144K, 91% used [0x000000066b180000,0x00000006d2cdad18,0x00000006dcc00000)
  from space 1670656K, 0% used [0x000000075a080000,0x000000075a080000,0x00000007c0000000)
  to   space 1861632K, 0% used [0x00000006dcc00000,0x00000006dcc00000,0x000000074e600000)
 ParOldGen       total 11171328K, used 11167123K [0x00000003c1400000, 0x000000066b180000, 0x000000066b180000)
  object space 11171328K, 99% used [0x00000003c1400000,0x000000066ad64ee8,0x000000066b180000)
 Metaspace       used 47107K, capacity 48273K, committed 48384K, reserved 1091584K
  class space    used 6614K, capacity 6843K, committed 6912K, reserved 1048576K
Event: 204.843 GC heap after
Heap after GC invocations=74 (full 20):
 PSYoungGen      total 3532800K, used 1691774K [0x000000066b180000, 0x00000007c0000000, 0x00000007c0000000)
  eden space 1862144K, 90% used [0x000000066b180000,0x00000006d259fbc8,0x00000006dcc00000)
  from space 1670656K, 0% used [0x000000075a080000,0x000000075a080000,0x00000007c0000000)
  to   space 1861632K, 0% used [0x00000006dcc00000,0x00000006dcc00000,0x000000074e600000)
 ParOldGen       total 11171328K, used 11167123K [0x00000003c1400000, 0x000000066b180000, 0x000000066b180000)
  object space 11171328K, 99% used [0x00000003c1400000,0x000000066ad64ee8,0x000000066b180000)
 Metaspace       used 47107K, capacity 48273K, committed 48384K, reserved 1091584K
  class space    used 6614K, capacity 6843K, committed 6912K, reserved 1048576K
}
Event: 205.026 GC heap before
{Heap before GC invocations=75 (full 21):
 PSYoungGen      total 3532800K, used 1862144K [0x000000066b180000, 0x00000007c0000000, 0x00000007c0000000)
  eden space 1862144K, 100% used [0x000000066b180000,0x00000006dcc00000,0x00000006dcc00000)
  from space 1670656K, 0% used [0x000000075a080000,0x000000075a080000,0x00000007c0000000)
  to   space 1861632K, 0% used [0x00000006dcc00000,0x00000006dcc00000,0x000000074e600000)
 ParOldGen       total 11171328K, used 11167123K [0x00000003c1400000, 0x000000066b180000, 0x000000066b180000)
  object space 11171328K, 99% used [0x00000003c1400000,0x000000066ad64ee8,0x000000066b180000)
 Metaspace       used 47361K, capacity 48561K, committed 48640K, reserved 1091584K
  class space    used 6628K, capacity 6875K, committed 6912K, reserved 1048576K

